This is pdfTeX, Version 3.14159265-2.6-1.40.16 (TeX Live 2015/Debian) (preloaded format=pdflatex 2017.10.21)  16 JAN 2018 09:23
entering extended mode
 restricted \write18 enabled.
 %&-line parsing enabled.
**Program2.tex
(./Program2.tex
LaTeX2e <2016/02/01>
Babel <3.9q> and hyphenation patterns for 81 language(s) loaded.
(/usr/share/texlive/texmf-dist/tex/latex/base/article.cls
Document Class: article 2014/09/29 v1.4h Standard LaTeX document class
(/usr/share/texlive/texmf-dist/tex/latex/base/size12.clo
File: size12.clo 2014/09/29 v1.4h Standard LaTeX file (size option)
)
\c@part=\count79
\c@section=\count80
\c@subsection=\count81
\c@subsubsection=\count82
\c@paragraph=\count83
\c@subparagraph=\count84
\c@figure=\count85
\c@table=\count86
\abovecaptionskip=\skip41
\belowcaptionskip=\skip42
\bibindent=\dimen102
)
(/usr/share/texlive/texmf-dist/tex/latex/geometry/geometry.sty
Package: geometry 2010/09/12 v5.6 Page Geometry

(/usr/share/texlive/texmf-dist/tex/latex/graphics/keyval.sty
Package: keyval 2014/10/28 v1.15 key=value parser (DPC)
\KV@toks@=\toks14
)
(/usr/share/texlive/texmf-dist/tex/generic/oberdiek/ifpdf.sty
Package: ifpdf 2011/01/30 v2.3 Provides the ifpdf switch (HO)
Package ifpdf Info: pdfTeX in PDF mode is detected.
)
(/usr/share/texlive/texmf-dist/tex/generic/oberdiek/ifvtex.sty
Package: ifvtex 2010/03/01 v1.5 Detect VTeX and its facilities (HO)
Package ifvtex Info: VTeX not detected.
)
(/usr/share/texlive/texmf-dist/tex/generic/ifxetex/ifxetex.sty
Package: ifxetex 2010/09/12 v0.6 Provides ifxetex conditional
)
\Gm@cnth=\count87
\Gm@cntv=\count88
\c@Gm@tempcnt=\count89
\Gm@bindingoffset=\dimen103
\Gm@wd@mp=\dimen104
\Gm@odd@mp=\dimen105
\Gm@even@mp=\dimen106
\Gm@layoutwidth=\dimen107
\Gm@layoutheight=\dimen108
\Gm@layouthoffset=\dimen109
\Gm@layoutvoffset=\dimen110
\Gm@dimlist=\toks15
)
(/usr/share/texlive/texmf-dist/tex/latex/amsmath/amsmath.sty
Package: amsmath 2016/03/03 v2.15a AMS math features
\@mathmargin=\skip43

For additional information on amsmath, use the `?' option.
(/usr/share/texlive/texmf-dist/tex/latex/amsmath/amstext.sty
Package: amstext 2000/06/29 v2.01 AMS text

(/usr/share/texlive/texmf-dist/tex/latex/amsmath/amsgen.sty
File: amsgen.sty 1999/11/30 v2.0 generic functions
\@emptytoks=\toks16
\ex@=\dimen111
))
(/usr/share/texlive/texmf-dist/tex/latex/amsmath/amsbsy.sty
Package: amsbsy 1999/11/29 v1.2d Bold Symbols
\pmbraise@=\dimen112
)
(/usr/share/texlive/texmf-dist/tex/latex/amsmath/amsopn.sty
Package: amsopn 1999/12/14 v2.01 operator names
)
\inf@bad=\count90
LaTeX Info: Redefining \frac on input line 199.
\uproot@=\count91
\leftroot@=\count92
LaTeX Info: Redefining \overline on input line 297.
\classnum@=\count93
\DOTSCASE@=\count94
LaTeX Info: Redefining \ldots on input line 394.
LaTeX Info: Redefining \dots on input line 397.
LaTeX Info: Redefining \cdots on input line 518.
\Mathstrutbox@=\box26
\strutbox@=\box27
\big@size=\dimen113
LaTeX Font Info:    Redeclaring font encoding OML on input line 630.
LaTeX Font Info:    Redeclaring font encoding OMS on input line 631.
\macc@depth=\count95
\c@MaxMatrixCols=\count96
\dotsspace@=\muskip10
\c@parentequation=\count97
\dspbrk@lvl=\count98
\tag@help=\toks17
\row@=\count99
\column@=\count100
\maxfields@=\count101
\andhelp@=\toks18
\eqnshift@=\dimen114
\alignsep@=\dimen115
\tagshift@=\dimen116
\tagwidth@=\dimen117
\totwidth@=\dimen118
\lineht@=\dimen119
\@envbody=\toks19
\multlinegap=\skip44
\multlinetaggap=\skip45
\mathdisplay@stack=\toks20
LaTeX Info: Redefining \[ on input line 2735.
LaTeX Info: Redefining \] on input line 2736.
)
(/usr/share/texlive/texmf-dist/tex/latex/amscls/amsthm.sty
Package: amsthm 2015/03/04 v2.20.2
\thm@style=\toks21
\thm@bodyfont=\toks22
\thm@headfont=\toks23
\thm@notefont=\toks24
\thm@headpunct=\toks25
\thm@preskip=\skip46
\thm@postskip=\skip47
\thm@headsep=\skip48
\dth@everypar=\toks26
)
(/usr/share/texlive/texmf-dist/tex/latex/amsfonts/amssymb.sty
Package: amssymb 2013/01/14 v3.01 AMS font symbols

(/usr/share/texlive/texmf-dist/tex/latex/amsfonts/amsfonts.sty
Package: amsfonts 2013/01/14 v3.01 Basic AMSFonts support
\symAMSa=\mathgroup4
\symAMSb=\mathgroup5
LaTeX Font Info:    Overwriting math alphabet `\mathfrak' in version `bold'
(Font)                  U/euf/m/n --> U/euf/b/n on input line 106.
))
(/usr/share/texlive/texmf-dist/tex/latex/pgfplots/pgfplots.sty
(/usr/share/texlive/texmf-dist/tex/generic/pgfplots/pgfplots.revision.tex)
Package: pgfplots 2016/01/06 v1.13 Data Visualization (1.13)

(/usr/share/texlive/texmf-dist/tex/latex/pgf/frontendlayer/tikz.sty
(/usr/share/texlive/texmf-dist/tex/latex/pgf/basiclayer/pgf.sty
(/usr/share/texlive/texmf-dist/tex/latex/pgf/utilities/pgfrcs.sty
(/usr/share/texlive/texmf-dist/tex/generic/pgf/utilities/pgfutil-common.tex
\pgfutil@everybye=\toks27
\pgfutil@tempdima=\dimen120
\pgfutil@tempdimb=\dimen121

(/usr/share/texlive/texmf-dist/tex/generic/pgf/utilities/pgfutil-common-lists.t
ex)) (/usr/share/texlive/texmf-dist/tex/generic/pgf/utilities/pgfutil-latex.def
\pgfutil@abb=\box28
(/usr/share/texlive/texmf-dist/tex/latex/ms/everyshi.sty
Package: everyshi 2001/05/15 v3.00 EveryShipout Package (MS)
))
(/usr/share/texlive/texmf-dist/tex/generic/pgf/utilities/pgfrcs.code.tex
Package: pgfrcs 2015/08/07 v3.0.1a (rcs-revision 1.31)
))
Package: pgf 2015/08/07 v3.0.1a (rcs-revision 1.15)

(/usr/share/texlive/texmf-dist/tex/latex/pgf/basiclayer/pgfcore.sty
(/usr/share/texlive/texmf-dist/tex/latex/graphics/graphicx.sty
Package: graphicx 2014/10/28 v1.0g Enhanced LaTeX Graphics (DPC,SPQR)

(/usr/share/texlive/texmf-dist/tex/latex/graphics/graphics.sty
Package: graphics 2016/01/03 v1.0q Standard LaTeX Graphics (DPC,SPQR)

(/usr/share/texlive/texmf-dist/tex/latex/graphics/trig.sty
Package: trig 2016/01/03 v1.10 sin cos tan (DPC)
)
(/usr/share/texlive/texmf-dist/tex/latex/latexconfig/graphics.cfg
File: graphics.cfg 2010/04/23 v1.9 graphics configuration of TeX Live
)
Package graphics Info: Driver file: pdftex.def on input line 95.

(/usr/share/texlive/texmf-dist/tex/latex/pdftex-def/pdftex.def
File: pdftex.def 2011/05/27 v0.06d Graphics/color for pdfTeX

(/usr/share/texlive/texmf-dist/tex/generic/oberdiek/infwarerr.sty
Package: infwarerr 2010/04/08 v1.3 Providing info/warning/error messages (HO)
)
(/usr/share/texlive/texmf-dist/tex/generic/oberdiek/ltxcmds.sty
Package: ltxcmds 2011/11/09 v1.22 LaTeX kernel commands for general use (HO)
)
\Gread@gobject=\count102
))
\Gin@req@height=\dimen122
\Gin@req@width=\dimen123
)
(/usr/share/texlive/texmf-dist/tex/latex/pgf/systemlayer/pgfsys.sty
(/usr/share/texlive/texmf-dist/tex/generic/pgf/systemlayer/pgfsys.code.tex
Package: pgfsys 2014/07/09 v3.0.1a (rcs-revision 1.48)

(/usr/share/texlive/texmf-dist/tex/generic/pgf/utilities/pgfkeys.code.tex
\pgfkeys@pathtoks=\toks28
\pgfkeys@temptoks=\toks29

(/usr/share/texlive/texmf-dist/tex/generic/pgf/utilities/pgfkeysfiltered.code.t
ex
\pgfkeys@tmptoks=\toks30
))
\pgf@x=\dimen124
\pgf@y=\dimen125
\pgf@xa=\dimen126
\pgf@ya=\dimen127
\pgf@xb=\dimen128
\pgf@yb=\dimen129
\pgf@xc=\dimen130
\pgf@yc=\dimen131
\w@pgf@writea=\write3
\r@pgf@reada=\read1
\c@pgf@counta=\count103
\c@pgf@countb=\count104
\c@pgf@countc=\count105
\c@pgf@countd=\count106
\t@pgf@toka=\toks31
\t@pgf@tokb=\toks32
\t@pgf@tokc=\toks33
 (/usr/share/texlive/texmf-dist/tex/generic/pgf/systemlayer/pgf.cfg
File: pgf.cfg 2008/05/14  (rcs-revision 1.7)
)
Driver file for pgf: pgfsys-pdftex.def

(/usr/share/texlive/texmf-dist/tex/generic/pgf/systemlayer/pgfsys-pdftex.def
File: pgfsys-pdftex.def 2014/10/11  (rcs-revision 1.35)

(/usr/share/texlive/texmf-dist/tex/generic/pgf/systemlayer/pgfsys-common-pdf.de
f
File: pgfsys-common-pdf.def 2013/10/10  (rcs-revision 1.13)
)))
(/usr/share/texlive/texmf-dist/tex/generic/pgf/systemlayer/pgfsyssoftpath.code.
tex
File: pgfsyssoftpath.code.tex 2013/09/09  (rcs-revision 1.9)
\pgfsyssoftpath@smallbuffer@items=\count107
\pgfsyssoftpath@bigbuffer@items=\count108
)
(/usr/share/texlive/texmf-dist/tex/generic/pgf/systemlayer/pgfsysprotocol.code.
tex
File: pgfsysprotocol.code.tex 2006/10/16  (rcs-revision 1.4)
)) (/usr/share/texlive/texmf-dist/tex/latex/xcolor/xcolor.sty
Package: xcolor 2007/01/21 v2.11 LaTeX color extensions (UK)

(/usr/share/texlive/texmf-dist/tex/latex/latexconfig/color.cfg
File: color.cfg 2007/01/18 v1.5 color configuration of teTeX/TeXLive
)
Package xcolor Info: Driver file: pdftex.def on input line 225.
Package xcolor Info: Model `cmy' substituted by `cmy0' on input line 1337.
Package xcolor Info: Model `hsb' substituted by `rgb' on input line 1341.
Package xcolor Info: Model `RGB' extended on input line 1353.
Package xcolor Info: Model `HTML' substituted by `rgb' on input line 1355.
Package xcolor Info: Model `Hsb' substituted by `hsb' on input line 1356.
Package xcolor Info: Model `tHsb' substituted by `hsb' on input line 1357.
Package xcolor Info: Model `HSB' substituted by `hsb' on input line 1358.
Package xcolor Info: Model `Gray' substituted by `gray' on input line 1359.
Package xcolor Info: Model `wave' substituted by `hsb' on input line 1360.
)
(/usr/share/texlive/texmf-dist/tex/generic/pgf/basiclayer/pgfcore.code.tex
Package: pgfcore 2010/04/11 v3.0.1a (rcs-revision 1.7)

(/usr/share/texlive/texmf-dist/tex/generic/pgf/math/pgfmath.code.tex
(/usr/share/texlive/texmf-dist/tex/generic/pgf/math/pgfmathcalc.code.tex
(/usr/share/texlive/texmf-dist/tex/generic/pgf/math/pgfmathutil.code.tex)
(/usr/share/texlive/texmf-dist/tex/generic/pgf/math/pgfmathparser.code.tex
\pgfmath@dimen=\dimen132
\pgfmath@count=\count109
\pgfmath@box=\box29
\pgfmath@toks=\toks34
\pgfmath@stack@operand=\toks35
\pgfmath@stack@operation=\toks36
)
(/usr/share/texlive/texmf-dist/tex/generic/pgf/math/pgfmathfunctions.code.tex
(/usr/share/texlive/texmf-dist/tex/generic/pgf/math/pgfmathfunctions.basic.code
.tex)
(/usr/share/texlive/texmf-dist/tex/generic/pgf/math/pgfmathfunctions.trigonomet
ric.code.tex)
(/usr/share/texlive/texmf-dist/tex/generic/pgf/math/pgfmathfunctions.random.cod
e.tex)
(/usr/share/texlive/texmf-dist/tex/generic/pgf/math/pgfmathfunctions.comparison
.code.tex)
(/usr/share/texlive/texmf-dist/tex/generic/pgf/math/pgfmathfunctions.base.code.
tex)
(/usr/share/texlive/texmf-dist/tex/generic/pgf/math/pgfmathfunctions.round.code
.tex)
(/usr/share/texlive/texmf-dist/tex/generic/pgf/math/pgfmathfunctions.misc.code.
tex)
(/usr/share/texlive/texmf-dist/tex/generic/pgf/math/pgfmathfunctions.integerari
thmetics.code.tex)))
(/usr/share/texlive/texmf-dist/tex/generic/pgf/math/pgfmathfloat.code.tex
\c@pgfmathroundto@lastzeros=\count110
))
(/usr/share/texlive/texmf-dist/tex/generic/pgf/basiclayer/pgfcorepoints.code.te
x
File: pgfcorepoints.code.tex 2013/10/07  (rcs-revision 1.27)
\pgf@picminx=\dimen133
\pgf@picmaxx=\dimen134
\pgf@picminy=\dimen135
\pgf@picmaxy=\dimen136
\pgf@pathminx=\dimen137
\pgf@pathmaxx=\dimen138
\pgf@pathminy=\dimen139
\pgf@pathmaxy=\dimen140
\pgf@xx=\dimen141
\pgf@xy=\dimen142
\pgf@yx=\dimen143
\pgf@yy=\dimen144
\pgf@zx=\dimen145
\pgf@zy=\dimen146
)
(/usr/share/texlive/texmf-dist/tex/generic/pgf/basiclayer/pgfcorepathconstruct.
code.tex
File: pgfcorepathconstruct.code.tex 2013/10/07  (rcs-revision 1.29)
\pgf@path@lastx=\dimen147
\pgf@path@lasty=\dimen148
)
(/usr/share/texlive/texmf-dist/tex/generic/pgf/basiclayer/pgfcorepathusage.code
.tex
File: pgfcorepathusage.code.tex 2014/11/02  (rcs-revision 1.24)
\pgf@shorten@end@additional=\dimen149
\pgf@shorten@start@additional=\dimen150
)
(/usr/share/texlive/texmf-dist/tex/generic/pgf/basiclayer/pgfcorescopes.code.te
x
File: pgfcorescopes.code.tex 2015/05/08  (rcs-revision 1.46)
\pgfpic=\box30
\pgf@hbox=\box31
\pgf@layerbox@main=\box32
\pgf@picture@serial@count=\count111
)
(/usr/share/texlive/texmf-dist/tex/generic/pgf/basiclayer/pgfcoregraphicstate.c
ode.tex
File: pgfcoregraphicstate.code.tex 2014/11/02  (rcs-revision 1.12)
\pgflinewidth=\dimen151
)
(/usr/share/texlive/texmf-dist/tex/generic/pgf/basiclayer/pgfcoretransformation
s.code.tex
File: pgfcoretransformations.code.tex 2015/08/07  (rcs-revision 1.20)
\pgf@pt@x=\dimen152
\pgf@pt@y=\dimen153
\pgf@pt@temp=\dimen154
)
(/usr/share/texlive/texmf-dist/tex/generic/pgf/basiclayer/pgfcorequick.code.tex
File: pgfcorequick.code.tex 2008/10/09  (rcs-revision 1.3)
)
(/usr/share/texlive/texmf-dist/tex/generic/pgf/basiclayer/pgfcoreobjects.code.t
ex
File: pgfcoreobjects.code.tex 2006/10/11  (rcs-revision 1.2)
)
(/usr/share/texlive/texmf-dist/tex/generic/pgf/basiclayer/pgfcorepathprocessing
.code.tex
File: pgfcorepathprocessing.code.tex 2013/09/09  (rcs-revision 1.9)
)
(/usr/share/texlive/texmf-dist/tex/generic/pgf/basiclayer/pgfcorearrows.code.te
x
File: pgfcorearrows.code.tex 2015/05/14  (rcs-revision 1.43)
\pgfarrowsep=\dimen155
)
(/usr/share/texlive/texmf-dist/tex/generic/pgf/basiclayer/pgfcoreshade.code.tex
File: pgfcoreshade.code.tex 2013/07/15  (rcs-revision 1.15)
\pgf@max=\dimen156
\pgf@sys@shading@range@num=\count112
)
(/usr/share/texlive/texmf-dist/tex/generic/pgf/basiclayer/pgfcoreimage.code.tex
File: pgfcoreimage.code.tex 2013/07/15  (rcs-revision 1.18)

(/usr/share/texlive/texmf-dist/tex/generic/pgf/basiclayer/pgfcoreexternal.code.
tex
File: pgfcoreexternal.code.tex 2014/07/09  (rcs-revision 1.21)
\pgfexternal@startupbox=\box33
))
(/usr/share/texlive/texmf-dist/tex/generic/pgf/basiclayer/pgfcorelayers.code.te
x
File: pgfcorelayers.code.tex 2013/07/18  (rcs-revision 1.7)
)
(/usr/share/texlive/texmf-dist/tex/generic/pgf/basiclayer/pgfcoretransparency.c
ode.tex
File: pgfcoretransparency.code.tex 2013/09/30  (rcs-revision 1.5)
)
(/usr/share/texlive/texmf-dist/tex/generic/pgf/basiclayer/pgfcorepatterns.code.
tex
File: pgfcorepatterns.code.tex 2013/11/07  (rcs-revision 1.5)
)))
(/usr/share/texlive/texmf-dist/tex/generic/pgf/modules/pgfmoduleshapes.code.tex
File: pgfmoduleshapes.code.tex 2014/03/21  (rcs-revision 1.35)
\pgfnodeparttextbox=\box34
) (/usr/share/texlive/texmf-dist/tex/generic/pgf/modules/pgfmoduleplot.code.tex
File: pgfmoduleplot.code.tex 2015/08/03  (rcs-revision 1.13)
)
(/usr/share/texlive/texmf-dist/tex/latex/pgf/compatibility/pgfcomp-version-0-65
.sty
Package: pgfcomp-version-0-65 2007/07/03 v3.0.1a (rcs-revision 1.7)
\pgf@nodesepstart=\dimen157
\pgf@nodesepend=\dimen158
)
(/usr/share/texlive/texmf-dist/tex/latex/pgf/compatibility/pgfcomp-version-1-18
.sty
Package: pgfcomp-version-1-18 2007/07/23 v3.0.1a (rcs-revision 1.1)
)) (/usr/share/texlive/texmf-dist/tex/latex/pgf/utilities/pgffor.sty
(/usr/share/texlive/texmf-dist/tex/latex/pgf/utilities/pgfkeys.sty
(/usr/share/texlive/texmf-dist/tex/generic/pgf/utilities/pgfkeys.code.tex))
(/usr/share/texlive/texmf-dist/tex/latex/pgf/math/pgfmath.sty
(/usr/share/texlive/texmf-dist/tex/generic/pgf/math/pgfmath.code.tex))
(/usr/share/texlive/texmf-dist/tex/generic/pgf/utilities/pgffor.code.tex
Package: pgffor 2013/12/13 v3.0.1a (rcs-revision 1.25)

(/usr/share/texlive/texmf-dist/tex/generic/pgf/math/pgfmath.code.tex)
\pgffor@iter=\dimen159
\pgffor@skip=\dimen160
\pgffor@stack=\toks37
\pgffor@toks=\toks38
))
(/usr/share/texlive/texmf-dist/tex/generic/pgf/frontendlayer/tikz/tikz.code.tex
Package: tikz 2015/08/07 v3.0.1a (rcs-revision 1.151)

(/usr/share/texlive/texmf-dist/tex/generic/pgf/libraries/pgflibraryplothandlers
.code.tex
File: pgflibraryplothandlers.code.tex 2013/08/31 v3.0.1a (rcs-revision 1.20)
\pgf@plot@mark@count=\count113
\pgfplotmarksize=\dimen161
)
\tikz@lastx=\dimen162
\tikz@lasty=\dimen163
\tikz@lastxsaved=\dimen164
\tikz@lastysaved=\dimen165
\tikzleveldistance=\dimen166
\tikzsiblingdistance=\dimen167
\tikz@figbox=\box35
\tikz@figbox@bg=\box36
\tikz@tempbox=\box37
\tikz@tempbox@bg=\box38
\tikztreelevel=\count114
\tikznumberofchildren=\count115
\tikznumberofcurrentchild=\count116
\tikz@fig@count=\count117

(/usr/share/texlive/texmf-dist/tex/generic/pgf/modules/pgfmodulematrix.code.tex
File: pgfmodulematrix.code.tex 2013/09/17  (rcs-revision 1.8)
\pgfmatrixcurrentrow=\count118
\pgfmatrixcurrentcolumn=\count119
\pgf@matrix@numberofcolumns=\count120
)
\tikz@expandcount=\count121

(/usr/share/texlive/texmf-dist/tex/generic/pgf/frontendlayer/tikz/libraries/tik
zlibrarytopaths.code.tex
File: tikzlibrarytopaths.code.tex 2008/06/17 v3.0.1a (rcs-revision 1.2)
)))
(/usr/share/texlive/texmf-dist/tex/generic/pgfplots/pgfplots.code.tex
(/usr/share/texlive/texmf-dist/tex/generic/pgfplots/pgfplotscore.code.tex
\t@pgfplots@toka=\toks39
\t@pgfplots@tokb=\toks40
\t@pgfplots@tokc=\toks41
\pgfplots@tmpa=\dimen168
\c@pgfplots@coordindex=\count122
\c@pgfplots@scanlineindex=\count123

(/usr/share/texlive/texmf-dist/tex/generic/pgfplots/sys/pgfplotssysgeneric.code
.tex))
(/usr/share/texlive/texmf-dist/tex/generic/pgfplots/libs/pgfplotslibrary.code.t
ex)
(/usr/share/texlive/texmf-dist/tex/generic/pgfplots/oldpgfcompatib/pgfplotsoldp
gfsupp_loader.code.tex
(/usr/share/texlive/texmf-dist/tex/generic/pgf/libraries/pgflibraryfpu.code.tex
)
Package pgfplots: loading complementary arithmetics for your pgf version...

(/usr/share/texlive/texmf-dist/tex/generic/pgfplots/oldpgfcompatib/pgfplotsoldp
gfsupp_pgflibraryfpu.code.tex)
(/usr/share/texlive/texmf-dist/tex/generic/pgfplots/oldpgfcompatib/pgfplotsoldp
gfsupp_pgfmathfloat.code.tex
\c@pgfmathroundto@lastzeros=\count124
))
(/usr/share/texlive/texmf-dist/tex/generic/pgfplots/util/pgfplotsutil.code.tex
(/usr/share/texlive/texmf-dist/tex/generic/pgfplots/liststructure/pgfplotslists
tructure.code.tex)
(/usr/share/texlive/texmf-dist/tex/generic/pgfplots/liststructure/pgfplotslists
tructureext.code.tex)
(/usr/share/texlive/texmf-dist/tex/generic/pgfplots/liststructure/pgfplotsarray
.code.tex
\c@pgfplotsarray@tmp=\count125
)
(/usr/share/texlive/texmf-dist/tex/generic/pgfplots/liststructure/pgfplotsmatri
x.code.tex)
(/usr/share/texlive/texmf-dist/tex/generic/pgfplots/numtable/pgfplotstableshare
d.code.tex
\c@pgfplotstable@counta=\count126
\t@pgfplotstable@a=\toks42
)
(/usr/share/texlive/texmf-dist/tex/generic/pgfplots/liststructure/pgfplotsdeque
.code.tex)
(/usr/share/texlive/texmf-dist/tex/generic/pgfplots/util/pgfplotsbinary.code.te
x
(/usr/share/texlive/texmf-dist/tex/generic/pgfplots/util/pgfplotsbinary.data.co
de.tex))
(/usr/share/texlive/texmf-dist/tex/generic/pgfplots/util/pgfplotsutil.verb.code
.tex)
(/usr/share/texlive/texmf-dist/tex/generic/pgfplots/libs/pgflibrarypgfplots.sur
fshading.code.tex
\c@pgfplotslibrarysurf@no=\count127

(/usr/share/texlive/texmf-dist/tex/generic/pgfplots/sys/pgflibrarypgfplots.surf
shading.pgfsys-pdftex.def)))
(/usr/share/texlive/texmf-dist/tex/generic/pgfplots/util/pgfplotscolormap.code.
tex
(/usr/share/texlive/texmf-dist/tex/generic/pgfplots/util/pgfplotscolor.code.tex
))
(/usr/share/texlive/texmf-dist/tex/generic/pgfplots/pgfplotsstackedplots.code.t
ex)
(/usr/share/texlive/texmf-dist/tex/generic/pgfplots/pgfplotsplothandlers.code.t
ex
(/usr/share/texlive/texmf-dist/tex/generic/pgfplots/pgfplotsmeshplothandler.cod
e.tex
(/usr/share/texlive/texmf-dist/tex/generic/pgfplots/pgfplotsmeshplotimage.code.
tex)))
(/usr/share/texlive/texmf-dist/tex/generic/pgfplots/pgfplots.scaling.code.tex)
(/usr/share/texlive/texmf-dist/tex/generic/pgfplots/pgfplotscoordprocessing.cod
e.tex)
(/usr/share/texlive/texmf-dist/tex/generic/pgfplots/pgfplots.errorbars.code.tex
) (/usr/share/texlive/texmf-dist/tex/generic/pgfplots/pgfplots.markers.code.tex
) (/usr/share/texlive/texmf-dist/tex/generic/pgfplots/pgfplotsticks.code.tex)
(/usr/share/texlive/texmf-dist/tex/generic/pgfplots/pgfplots.paths.code.tex)
(/usr/share/texlive/texmf-dist/tex/generic/pgf/frontendlayer/tikz/libraries/tik
zlibrarydecorations.code.tex
(/usr/share/texlive/texmf-dist/tex/generic/pgf/modules/pgfmoduledecorations.cod
e.tex
\pgfdecoratedcompleteddistance=\dimen169
\pgfdecoratedremainingdistance=\dimen170
\pgfdecoratedinputsegmentcompleteddistance=\dimen171
\pgfdecoratedinputsegmentremainingdistance=\dimen172
\pgf@decorate@distancetomove=\dimen173
\pgf@decorate@repeatstate=\count128
\pgfdecorationsegmentamplitude=\dimen174
\pgfdecorationsegmentlength=\dimen175
)
\tikz@lib@dec@box=\box39
)
(/usr/share/texlive/texmf-dist/tex/generic/pgf/frontendlayer/tikz/libraries/tik
zlibrarydecorations.pathmorphing.code.tex
(/usr/share/texlive/texmf-dist/tex/generic/pgf/libraries/decorations/pgflibrary
decorations.pathmorphing.code.tex))
(/usr/share/texlive/texmf-dist/tex/generic/pgf/frontendlayer/tikz/libraries/tik
zlibrarydecorations.pathreplacing.code.tex
(/usr/share/texlive/texmf-dist/tex/generic/pgf/libraries/decorations/pgflibrary
decorations.pathreplacing.code.tex))
\pgfplots@numplots=\count129
\pgfplots@xmin@reg=\dimen176
\pgfplots@xmax@reg=\dimen177
\pgfplots@ymin@reg=\dimen178
\pgfplots@ymax@reg=\dimen179
\pgfplots@zmin@reg=\dimen180
\pgfplots@zmax@reg=\dimen181
)
(/usr/share/texlive/texmf-dist/tex/generic/pgf/frontendlayer/tikz/libraries/tik
zlibraryplotmarks.code.tex
File: tikzlibraryplotmarks.code.tex 2008/01/09 v3.0.1a (rcs-revision 1.1)

(/usr/share/texlive/texmf-dist/tex/generic/pgf/libraries/pgflibraryplotmarks.co
de.tex
File: pgflibraryplotmarks.code.tex 2015/08/03 v3.0.1a (rcs-revision 1.14)
))) (/usr/share/texlive/texmf-dist/tex/latex/float/float.sty
Package: float 2001/11/08 v1.3d Float enhancements (AL)
\c@float@type=\count130
\float@exts=\toks43
\float@box=\box40
\@float@everytoks=\toks44
\@floatcapt=\box41
)
(/usr/share/texlive/texmf-dist/tex/latex/braket/braket.sty)
(/usr/share/texlive/texmf-dist/tex/latex/titling/titling.sty
Package: titling 2009/09/04 v2.1d maketitle typesetting
\thanksmarkwidth=\skip49
\thanksmargin=\skip50
\droptitle=\skip51
)
(/usr/share/texlive/texmf-dist/tex/latex/mathtools/mathtools.sty
Package: mathtools 2015/11/12 v1.18 mathematical typesetting tools

(/usr/share/texlive/texmf-dist/tex/latex/tools/calc.sty
Package: calc 2014/10/28 v4.3 Infix arithmetic (KKT,FJ)
\calc@Acount=\count131
\calc@Bcount=\count132
\calc@Adimen=\dimen182
\calc@Bdimen=\dimen183
\calc@Askip=\skip52
\calc@Bskip=\skip53
LaTeX Info: Redefining \setlength on input line 80.
LaTeX Info: Redefining \addtolength on input line 81.
\calc@Ccount=\count133
\calc@Cskip=\skip54
)
(/usr/share/texlive/texmf-dist/tex/latex/mathtools/mhsetup.sty
Package: mhsetup 2010/01/21 v1.2a programming setup (MH)
)
LaTeX Info: Thecontrolsequence`\('isalreadyrobust on input line 129.
LaTeX Info: Thecontrolsequence`\)'isalreadyrobust on input line 129.
LaTeX Info: Thecontrolsequence`\['isalreadyrobust on input line 129.
LaTeX Info: Thecontrolsequence`\]'isalreadyrobust on input line 129.
\g_MT_multlinerow_int=\count134
\l_MT_multwidth_dim=\dimen184
\origjot=\skip55
\l_MT_shortvdotswithinadjustabove_dim=\dimen185
\l_MT_shortvdotswithinadjustbelow_dim=\dimen186
\l_MT_above_intertext_sep=\dimen187
\l_MT_below_intertext_sep=\dimen188
\l_MT_above_shortintertext_sep=\dimen189
\l_MT_below_shortintertext_sep=\dimen190
)
(/usr/share/texlive/texmf-dist/tex/latex/listings/listings.sty
\lst@mode=\count135
\lst@gtempboxa=\box42
\lst@token=\toks45
\lst@length=\count136
\lst@currlwidth=\dimen191
\lst@column=\count137
\lst@pos=\count138
\lst@lostspace=\dimen192
\lst@width=\dimen193
\lst@newlines=\count139
\lst@lineno=\count140
\lst@maxwidth=\dimen194

(/usr/share/texlive/texmf-dist/tex/latex/listings/lstmisc.sty
File: lstmisc.sty 2015/06/04 1.6 (Carsten Heinz)
\c@lstnumber=\count141
\lst@skipnumbers=\count142
\lst@framebox=\box43
)
(/usr/share/texlive/texmf-dist/tex/latex/listings/listings.cfg
File: listings.cfg 2015/06/04 1.6 listings configuration
))
Package: listings 2015/06/04 1.6 (Carsten Heinz)

(/usr/share/texlive/texmf-dist/tex/latex/caption/caption.sty
Package: caption 2016/02/21 v3.3-144 Customizing captions (AR)

(/usr/share/texlive/texmf-dist/tex/latex/caption/caption3.sty
Package: caption3 2016/02/04 v1.7-139 caption3 kernel (AR)
Package caption3 Info: TeX engine: e-TeX on input line 67.
\captionmargin=\dimen195
\captionmargin@=\dimen196
\captionwidth=\dimen197
\caption@tempdima=\dimen198
\caption@indent=\dimen199
\caption@parindent=\dimen256
\caption@hangindent=\dimen257
)
\c@ContinuedFloat=\count143
Package caption Info: float package is loaded.
Package caption Info: listings package is loaded.
)
(/usr/share/texlive/texmf-dist/tex/latex/caption/subcaption.sty
Package: subcaption 2016/02/20 v1.1-142 Sub-captions (AR)
\c@subfigure=\count144
\c@subtable=\count145
)
(/usr/share/texlive/texmf-dist/tex/latex/algorithms/algorithm.sty
Package: algorithm 2009/08/24 v0.1 Document Style `algorithm' - floating enviro
nment

(/usr/share/texlive/texmf-dist/tex/latex/base/ifthen.sty
Package: ifthen 2014/09/29 v1.1c Standard LaTeX ifthen package (DPC)
)
\@float@every@algorithm=\toks46
\c@algorithm=\count146
)
(/usr/share/texlive/texmf-dist/tex/latex/algorithmicx/algpseudocode.sty
Package: algpseudocode 

(/usr/share/texlive/texmf-dist/tex/latex/algorithmicx/algorithmicx.sty
Package: algorithmicx 2005/04/27 v1.2 Algorithmicx

Document Style algorithmicx 1.2 - a greatly improved `algorithmic' style
\c@ALG@line=\count147
\c@ALG@rem=\count148
\c@ALG@nested=\count149
\ALG@tlm=\skip56
\ALG@thistlm=\skip57
\c@ALG@Lnr=\count150
\c@ALG@blocknr=\count151
\c@ALG@storecount=\count152
\c@ALG@tmpcounter=\count153
\ALG@tmplength=\skip58
)
Document Style - pseudocode environments for use with the `algorithmicx' style
) (/usr/share/texlive/texmf-dist/tex/latex/listings/lstlang1.sty
File: lstlang1.sty 2015/06/04 1.6 listings language file
)
(/usr/share/texlive/texmf-dist/tex/latex/listings/lstlang1.sty
File: lstlang1.sty 2015/06/04 1.6 listings language file
)
(/usr/share/texlive/texmf-dist/tex/latex/listings/lstmisc.sty
File: lstmisc.sty 2015/06/04 1.6 (Carsten Heinz)
) (./Program2.aux

LaTeX Warning: Label `fig:sub1' multiply defined.


LaTeX Warning: Label `sub@fig:sub1' multiply defined.


LaTeX Warning: Label `fig:sub2' multiply defined.


LaTeX Warning: Label `sub@fig:sub2' multiply defined.


LaTeX Warning: Label `fig:test' multiply defined.


LaTeX Warning: Label `fig:sub1' multiply defined.


LaTeX Warning: Label `sub@fig:sub1' multiply defined.


LaTeX Warning: Label `fig:sub2' multiply defined.


LaTeX Warning: Label `sub@fig:sub2' multiply defined.


LaTeX Warning: Label `fig:test' multiply defined.


LaTeX Warning: Label `fig:sub1' multiply defined.


LaTeX Warning: Label `sub@fig:sub1' multiply defined.


LaTeX Warning: Label `fig:sub2' multiply defined.


LaTeX Warning: Label `sub@fig:sub2' multiply defined.


LaTeX Warning: Label `fig:test' multiply defined.


LaTeX Warning: Label `fig:sub1' multiply defined.


LaTeX Warning: Label `sub@fig:sub1' multiply defined.


LaTeX Warning: Label `fig:sub2' multiply defined.


LaTeX Warning: Label `sub@fig:sub2' multiply defined.


LaTeX Warning: Label `fig:test' multiply defined.


LaTeX Warning: Label `fig:sub1' multiply defined.


LaTeX Warning: Label `sub@fig:sub1' multiply defined.


LaTeX Warning: Label `fig:sub2' multiply defined.


LaTeX Warning: Label `sub@fig:sub2' multiply defined.


LaTeX Warning: Label `fig:test' multiply defined.


LaTeX Warning: Label `fig:sub1' multiply defined.


LaTeX Warning: Label `sub@fig:sub1' multiply defined.


LaTeX Warning: Label `fig:sub2' multiply defined.


LaTeX Warning: Label `sub@fig:sub2' multiply defined.


LaTeX Warning: Label `fig:test' multiply defined.


LaTeX Warning: Label `fig:sub1' multiply defined.


LaTeX Warning: Label `sub@fig:sub1' multiply defined.


LaTeX Warning: Label `fig:sub2' multiply defined.


LaTeX Warning: Label `sub@fig:sub2' multiply defined.


LaTeX Warning: Label `fig:test' multiply defined.


LaTeX Warning: Label `fig:sub1' multiply defined.


LaTeX Warning: Label `sub@fig:sub1' multiply defined.


LaTeX Warning: Label `fig:sub2' multiply defined.


LaTeX Warning: Label `sub@fig:sub2' multiply defined.


LaTeX Warning: Label `fig:test' multiply defined.


LaTeX Warning: Label `fig:sub1' multiply defined.


LaTeX Warning: Label `sub@fig:sub1' multiply defined.


LaTeX Warning: Label `fig:sub2' multiply defined.


LaTeX Warning: Label `sub@fig:sub2' multiply defined.


LaTeX Warning: Label `fig:test' multiply defined.


LaTeX Warning: Label `fig:sub1' multiply defined.


LaTeX Warning: Label `sub@fig:sub1' multiply defined.


LaTeX Warning: Label `fig:sub2' multiply defined.


LaTeX Warning: Label `sub@fig:sub2' multiply defined.


LaTeX Warning: Label `fig:test' multiply defined.


LaTeX Warning: Label `fig:sub1' multiply defined.


LaTeX Warning: Label `sub@fig:sub1' multiply defined.


LaTeX Warning: Label `fig:sub2' multiply defined.


LaTeX Warning: Label `sub@fig:sub2' multiply defined.


LaTeX Warning: Label `fig:test' multiply defined.


LaTeX Warning: Label `fig:sub1' multiply defined.


LaTeX Warning: Label `sub@fig:sub1' multiply defined.


LaTeX Warning: Label `fig:sub2' multiply defined.


LaTeX Warning: Label `sub@fig:sub2' multiply defined.


LaTeX Warning: Label `fig:test' multiply defined.


LaTeX Warning: Label `fig:sub1' multiply defined.


LaTeX Warning: Label `sub@fig:sub1' multiply defined.


LaTeX Warning: Label `fig:sub2' multiply defined.


LaTeX Warning: Label `sub@fig:sub2' multiply defined.


LaTeX Warning: Label `fig:test' multiply defined.


LaTeX Warning: Label `fig:sub1' multiply defined.


LaTeX Warning: Label `sub@fig:sub1' multiply defined.


LaTeX Warning: Label `fig:sub2' multiply defined.


LaTeX Warning: Label `sub@fig:sub2' multiply defined.


LaTeX Warning: Label `fig:test' multiply defined.

)
\openout1 = `Program2.aux'.

LaTeX Font Info:    Checking defaults for OML/cmm/m/it on input line 77.
LaTeX Font Info:    ... okay on input line 77.
LaTeX Font Info:    Checking defaults for T1/cmr/m/n on input line 77.
LaTeX Font Info:    ... okay on input line 77.
LaTeX Font Info:    Checking defaults for OT1/cmr/m/n on input line 77.
LaTeX Font Info:    ... okay on input line 77.
LaTeX Font Info:    Checking defaults for OMS/cmsy/m/n on input line 77.
LaTeX Font Info:    ... okay on input line 77.
LaTeX Font Info:    Checking defaults for OMX/cmex/m/n on input line 77.
LaTeX Font Info:    ... okay on input line 77.
LaTeX Font Info:    Checking defaults for U/cmr/m/n on input line 77.
LaTeX Font Info:    ... okay on input line 77.

*geometry* driver: auto-detecting
*geometry* detected driver: pdftex
*geometry* verbose mode - [ preamble ] result:
* driver: pdftex
* paper: <default>
* layout: <same size as paper>
* layoutoffset:(h,v)=(0.0pt,0.0pt)
* modes: 
* h-part:(L,W,R)=(72.26999pt, 469.75502pt, 72.26999pt)
* v-part:(T,H,B)=(72.26999pt, 650.43001pt, 72.26999pt)
* \paperwidth=614.295pt
* \paperheight=794.96999pt
* \textwidth=469.75502pt
* \textheight=650.43001pt
* \oddsidemargin=0.0pt
* \evensidemargin=0.0pt
* \topmargin=-37.0pt
* \headheight=12.0pt
* \headsep=25.0pt
* \topskip=12.0pt
* \footskip=30.0pt
* \marginparwidth=44.0pt
* \marginparsep=10.0pt
* \columnsep=10.0pt
* \skip\footins=10.8pt plus 4.0pt minus 2.0pt
* \hoffset=0.0pt
* \voffset=0.0pt
* \mag=1000
* \@twocolumnfalse
* \@twosidefalse
* \@mparswitchfalse
* \@reversemarginfalse
* (1in=72.27pt=25.4mm, 1cm=28.453pt)

ABD: EveryShipout initializing macros
(/usr/share/texlive/texmf-dist/tex/context/base/supp-pdf.mkii
[Loading MPS to PDF converter (version 2006.09.02).]
\scratchcounter=\count154
\scratchdimen=\dimen258
\scratchbox=\box44
\nofMPsegments=\count155
\nofMParguments=\count156
\everyMPshowfont=\toks47
\MPscratchCnt=\count157
\MPscratchDim=\dimen259
\MPnumerator=\count158
\makeMPintoPDFobject=\count159
\everyMPtoPDFconversion=\toks48
) (/usr/share/texlive/texmf-dist/tex/generic/oberdiek/pdftexcmds.sty
Package: pdftexcmds 2011/11/29 v0.20 Utility functions of pdfTeX for LuaTeX (HO
)

(/usr/share/texlive/texmf-dist/tex/generic/oberdiek/ifluatex.sty
Package: ifluatex 2010/03/01 v1.3 Provides the ifluatex switch (HO)
Package ifluatex Info: LuaTeX not detected.
)
Package pdftexcmds Info: LuaTeX not detected.
Package pdftexcmds Info: \pdf@primitive is available.
Package pdftexcmds Info: \pdf@ifprimitive is available.
Package pdftexcmds Info: \pdfdraftmode found.
)
(/usr/share/texlive/texmf-dist/tex/latex/oberdiek/epstopdf-base.sty
Package: epstopdf-base 2010/02/09 v2.5 Base part for package epstopdf

(/usr/share/texlive/texmf-dist/tex/latex/oberdiek/grfext.sty
Package: grfext 2010/08/19 v1.1 Manage graphics extensions (HO)

(/usr/share/texlive/texmf-dist/tex/generic/oberdiek/kvdefinekeys.sty
Package: kvdefinekeys 2011/04/07 v1.3 Define keys (HO)
))
(/usr/share/texlive/texmf-dist/tex/latex/oberdiek/kvoptions.sty
Package: kvoptions 2011/06/30 v3.11 Key value format for package options (HO)

(/usr/share/texlive/texmf-dist/tex/generic/oberdiek/kvsetkeys.sty
Package: kvsetkeys 2012/04/25 v1.16 Key value parser (HO)

(/usr/share/texlive/texmf-dist/tex/generic/oberdiek/etexcmds.sty
Package: etexcmds 2011/02/16 v1.5 Avoid name clashes with e-TeX commands (HO)
Package etexcmds Info: Could not find \expanded.
(etexcmds)             That can mean that you are not using pdfTeX 1.50 or
(etexcmds)             that some package has redefined \expanded.
(etexcmds)             In the latter case, load this package earlier.
)))
Package grfext Info: Graphics extension search list:
(grfext)             [.png,.pdf,.jpg,.mps,.jpeg,.jbig2,.jb2,.PNG,.PDF,.JPG,.JPE
G,.JBIG2,.JB2,.eps]
(grfext)             \AppendGraphicsExtensions on input line 452.

(/usr/share/texlive/texmf-dist/tex/latex/latexconfig/epstopdf-sys.cfg
File: epstopdf-sys.cfg 2010/07/13 v1.3 Configuration of (r)epstopdf for TeX Liv
e
))

Package pgfplots Warning: running in backwards compatibility mode (unsuitable t
ick labels; missing features). Consider writing \pgfplotsset{compat=1.13} into 
your preamble.
 on input line 77.

\c@lstlisting=\count160
Package caption Info: Begin \AtBeginDocument code.
Package caption Info: End \AtBeginDocument code.
LaTeX Font Info:    Try loading font information for U+msa on input line 83.
(/usr/share/texlive/texmf-dist/tex/latex/amsfonts/umsa.fd
File: umsa.fd 2013/01/14 v3.01 AMS symbols A
)
LaTeX Font Info:    Try loading font information for U+msb on input line 83.

(/usr/share/texlive/texmf-dist/tex/latex/amsfonts/umsb.fd
File: umsb.fd 2013/01/14 v3.01 AMS symbols B
)

Package amsmath Warning: Foreign command \atopwithdelims;
(amsmath)                \frac or \genfrac should be used instead
(amsmath)                 on input line 101.

[1

{/var/lib/texmf/fonts/map/pdftex/updmap/pdftex.map}] [2]
Underfull \hbox (badness 10000) in paragraph at lines 169--170

 []

[3]
Underfull \hbox (badness 10000) in paragraph at lines 218--219

 []


Underfull \hbox (badness 10000) in paragraph at lines 222--224

 []


Overfull \hbox (23.7557pt too wide) in paragraph at lines 243--245
\OT1/cmr/m/n/12 ing space com-plex-ity $\OMS/cmsy/m/n/12 O\OT1/cmr/m/n/12 (\OML
/cmm/m/it/12 n\OT1/cmr/m/n/12 )$ to store val-ues of di-vided dif-fer-ence val-
ues when \OT1/cmtt/m/n/12 dividedDifference()
 []


Underfull \hbox (badness 10000) in paragraph at lines 243--245

 []

[4]
Underfull \hbox (badness 10000) in paragraph at lines 266--267

 []


Underfull \hbox (badness 10000) in paragraph at lines 283--285

 []


Underfull \hbox (badness 10000) in paragraph at lines 283--285

 []

[5]
Underfull \hbox (badness 10000) in paragraph at lines 309--310

 []


Underfull \hbox (badness 10000) in paragraph at lines 330--331

 []

[6] [7]
Underfull \hbox (badness 10000) in paragraph at lines 372--373

 []


Underfull \hbox (badness 10000) in paragraph at lines 372--373

 []

LaTeX Font Info:    Try loading font information for OMS+cmr on input line 376.

(/usr/share/texlive/texmf-dist/tex/latex/base/omscmr.fd
File: omscmr.fd 2014/09/29 v2.5h Standard LaTeX font definitions
)
LaTeX Font Info:    Font shape `OMS/cmr/m/n' in size <12> not available
(Font)              Font shape `OMS/cmsy/m/n' tried instead on input line 376.
Package epstopdf Info: Source file: <fig1.eps>
(epstopdf)                    date: 2017-10-23 19:02:07
(epstopdf)                    size: 44215 bytes
(epstopdf)             Output file: <fig1-eps-converted-to.pdf>
(epstopdf)                    date: 2017-10-23 19:02:23
(epstopdf)                    size: 26800 bytes
(epstopdf)             Command: <repstopdf --outfile=fig1-eps-converted-to.pdf 
fig1.eps>
(epstopdf)             \includegraphics on input line 395.
Package epstopdf Info: Output file is already uptodate.

<fig1-eps-converted-to.pdf, id=42, 578.16pt x 433.62pt>
File: fig1-eps-converted-to.pdf Graphic file (type pdf)

<use fig1-eps-converted-to.pdf>
Package pdftex.def Info: fig1-eps-converted-to.pdf used on input line 395.
(pdftex.def)             Requested size: 258.36668pt x 193.77081pt.

Overfull \hbox (23.48918pt too wide) in paragraph at lines 395--396
 [][] 
 []

Package epstopdf Info: Source file: <subFig1.eps>
(epstopdf)                    date: 2017-10-23 19:02:07
(epstopdf)                    size: 48238 bytes
(epstopdf)             Output file: <subFig1-eps-converted-to.pdf>
(epstopdf)                    date: 2017-10-23 19:02:23
(epstopdf)                    size: 20959 bytes
(epstopdf)             Command: <repstopdf --outfile=subFig1-eps-converted-to.p
df subFig1.eps>
(epstopdf)             \includegraphics on input line 401.
Package epstopdf Info: Output file is already uptodate.
<subFig1-eps-converted-to.pdf, id=43, 578.16pt x 433.62pt>
File: subFig1-eps-converted-to.pdf Graphic file (type pdf)

<use subFig1-eps-converted-to.pdf>
Package pdftex.def Info: subFig1-eps-converted-to.pdf used on input line 401.
(pdftex.def)             Requested size: 258.36668pt x 193.77081pt.

Overfull \hbox (23.48918pt too wide) in paragraph at lines 401--402
 [][] 
 []

[8]
Package epstopdf Info: Source file: <fig2.eps>
(epstopdf)                    date: 2017-10-23 18:26:00
(epstopdf)                    size: 40217 bytes
(epstopdf)             Output file: <fig2-eps-converted-to.pdf>
(epstopdf)                    date: 2017-10-23 18:26:22
(epstopdf)                    size: 27165 bytes
(epstopdf)             Command: <repstopdf --outfile=fig2-eps-converted-to.pdf 
fig2.eps>
(epstopdf)             \includegraphics on input line 413.
Package epstopdf Info: Output file is already uptodate.
 <fig2-eps-converted-to.pdf, id=47, 578.16pt x 433.62pt>
File: fig2-eps-converted-to.pdf Graphic file (type pdf)

<use fig2-eps-converted-to.pdf>
Package pdftex.def Info: fig2-eps-converted-to.pdf used on input line 413.
(pdftex.def)             Requested size: 258.36668pt x 193.77081pt.

Overfull \hbox (23.48918pt too wide) in paragraph at lines 413--414
 [][] 
 []

Package epstopdf Info: Source file: <subFig2.eps>
(epstopdf)                    date: 2017-10-23 18:26:01
(epstopdf)                    size: 56895 bytes
(epstopdf)             Output file: <subFig2-eps-converted-to.pdf>
(epstopdf)                    date: 2017-10-23 18:26:22
(epstopdf)                    size: 21176 bytes
(epstopdf)             Command: <repstopdf --outfile=subFig2-eps-converted-to.p
df subFig2.eps>
(epstopdf)             \includegraphics on input line 419.
Package epstopdf Info: Output file is already uptodate.
<subFig2-eps-converted-to.pdf, id=48, 578.16pt x 433.62pt>
File: subFig2-eps-converted-to.pdf Graphic file (type pdf)

<use subFig2-eps-converted-to.pdf>
Package pdftex.def Info: subFig2-eps-converted-to.pdf used on input line 419.
(pdftex.def)             Requested size: 258.36668pt x 193.77081pt.

Overfull \hbox (23.48918pt too wide) in paragraph at lines 419--420
 [][] 
 []

Package epstopdf Info: Source file: <fig3.eps>
(epstopdf)                    date: 2017-10-23 18:59:54
(epstopdf)                    size: 41828 bytes
(epstopdf)             Output file: <fig3-eps-converted-to.pdf>
(epstopdf)                    date: 2017-10-23 19:00:43
(epstopdf)                    size: 27347 bytes
(epstopdf)             Command: <repstopdf --outfile=fig3-eps-converted-to.pdf 
fig3.eps>
(epstopdf)             \includegraphics on input line 431.
Package epstopdf Info: Output file is already uptodate.
<fig3-eps-converted-to.pdf, id=49, 578.16pt x 433.62pt>
File: fig3-eps-converted-to.pdf Graphic file (type pdf)

<use fig3-eps-converted-to.pdf>
Package pdftex.def Info: fig3-eps-converted-to.pdf used on input line 431.
(pdftex.def)             Requested size: 258.36668pt x 193.77081pt.

Overfull \hbox (23.48918pt too wide) in paragraph at lines 431--432
 [][] 
 []

Package epstopdf Info: Source file: <subFig3.eps>
(epstopdf)                    date: 2017-10-23 18:59:54
(epstopdf)                    size: 70386 bytes
(epstopdf)             Output file: <subFig3-eps-converted-to.pdf>
(epstopdf)                    date: 2017-10-23 19:00:43
(epstopdf)                    size: 26228 bytes
(epstopdf)             Command: <repstopdf --outfile=subFig3-eps-converted-to.p
df subFig3.eps>
(epstopdf)             \includegraphics on input line 437.
Package epstopdf Info: Output file is already uptodate.
<subFig3-eps-converted-to.pdf, id=50, 578.16pt x 433.62pt>
File: subFig3-eps-converted-to.pdf Graphic file (type pdf)

<use subFig3-eps-converted-to.pdf>
Package pdftex.def Info: subFig3-eps-converted-to.pdf used on input line 437.
(pdftex.def)             Requested size: 258.36668pt x 193.77081pt.

Overfull \hbox (23.48918pt too wide) in paragraph at lines 437--438
 [][] 
 []

[9 <./fig1-eps-converted-to.pdf> <./subFig1-eps-converted-to.pdf> <./fig2-eps-c
onverted-to.pdf> <./subFig2-eps-converted-to.pdf>]
Package epstopdf Info: Source file: <fig4.eps>
(epstopdf)                    date: 2017-10-23 18:53:44
(epstopdf)                    size: 55778 bytes
(epstopdf)             Output file: <fig4-eps-converted-to.pdf>
(epstopdf)                    date: 2017-10-23 18:54:39
(epstopdf)                    size: 29311 bytes
(epstopdf)             Command: <repstopdf --outfile=fig4-eps-converted-to.pdf 
fig4.eps>
(epstopdf)             \includegraphics on input line 449.
Package epstopdf Info: Output file is already uptodate.

<fig4-eps-converted-to.pdf, id=234, 578.16pt x 433.62pt>
File: fig4-eps-converted-to.pdf Graphic file (type pdf)

<use fig4-eps-converted-to.pdf>
Package pdftex.def Info: fig4-eps-converted-to.pdf used on input line 449.
(pdftex.def)             Requested size: 258.36668pt x 193.77081pt.

Overfull \hbox (23.48918pt too wide) in paragraph at lines 449--450
 [][] 
 []

Package epstopdf Info: Source file: <subFig4.eps>
(epstopdf)                    date: 2017-10-23 18:53:44
(epstopdf)                    size: 46168 bytes
(epstopdf)             Output file: <subFig4-eps-converted-to.pdf>
(epstopdf)                    date: 2017-10-23 18:54:40
(epstopdf)                    size: 20582 bytes
(epstopdf)             Command: <repstopdf --outfile=subFig4-eps-converted-to.p
df subFig4.eps>
(epstopdf)             \includegraphics on input line 455.
Package epstopdf Info: Output file is already uptodate.
<subFig4-eps-converted-to.pdf, id=235, 578.16pt x 433.62pt>
File: subFig4-eps-converted-to.pdf Graphic file (type pdf)

<use subFig4-eps-converted-to.pdf>
Package pdftex.def Info: subFig4-eps-converted-to.pdf used on input line 455.
(pdftex.def)             Requested size: 258.36668pt x 193.77081pt.

Overfull \hbox (23.48918pt too wide) in paragraph at lines 455--456
 [][] 
 []

Package epstopdf Info: Source file: <errorFig1.eps>
(epstopdf)                    date: 2017-10-23 19:43:27
(epstopdf)                    size: 47000 bytes
(epstopdf)             Output file: <errorFig1-eps-converted-to.pdf>
(epstopdf)                    date: 2017-10-23 19:43:51
(epstopdf)                    size: 30459 bytes
(epstopdf)             Command: <repstopdf --outfile=errorFig1-eps-converted-to
.pdf errorFig1.eps>
(epstopdf)             \includegraphics on input line 467.
Package epstopdf Info: Output file is already uptodate.
<errorFig1-eps-converted-to.pdf, id=236, 578.16pt x 433.62pt>
File: errorFig1-eps-converted-to.pdf Graphic file (type pdf)

<use errorFig1-eps-converted-to.pdf>
Package pdftex.def Info: errorFig1-eps-converted-to.pdf used on input line 467.

(pdftex.def)             Requested size: 258.36668pt x 193.77081pt.

Overfull \hbox (23.48918pt too wide) in paragraph at lines 467--468
 [][] 
 []

Package epstopdf Info: Source file: <errorFigg1.eps>
(epstopdf)                    date: 2017-10-23 19:43:27
(epstopdf)                    size: 56579 bytes
(epstopdf)             Output file: <errorFigg1-eps-converted-to.pdf>
(epstopdf)                    date: 2017-10-23 19:43:51
(epstopdf)                    size: 34402 bytes
(epstopdf)             Command: <repstopdf --outfile=errorFigg1-eps-converted-t
o.pdf errorFigg1.eps>
(epstopdf)             \includegraphics on input line 473.
Package epstopdf Info: Output file is already uptodate.
<errorFigg1-eps-converted-to.pdf, id=237, 578.16pt x 433.62pt>
File: errorFigg1-eps-converted-to.pdf Graphic file (type pdf)

<use errorFigg1-eps-converted-to.pdf>
Package pdftex.def Info: errorFigg1-eps-converted-to.pdf used on input line 473
.
(pdftex.def)             Requested size: 258.36668pt x 193.77081pt.

Overfull \hbox (23.48918pt too wide) in paragraph at lines 473--474
 [][] 
 []

[10 <./fig3-eps-converted-to.pdf> <./subFig3-eps-converted-to.pdf> <./fig4-eps-
converted-to.pdf> <./subFig4-eps-converted-to.pdf>]
Package epstopdf Info: Source file: <errorFig2.eps>
(epstopdf)                    date: 2017-10-23 19:37:37
(epstopdf)                    size: 47306 bytes
(epstopdf)             Output file: <errorFig2-eps-converted-to.pdf>
(epstopdf)                    date: 2017-10-23 19:38:53
(epstopdf)                    size: 32136 bytes
(epstopdf)             Command: <repstopdf --outfile=errorFig2-eps-converted-to
.pdf errorFig2.eps>
(epstopdf)             \includegraphics on input line 485.
Package epstopdf Info: Output file is already uptodate.

<errorFig2-eps-converted-to.pdf, id=424, 578.16pt x 433.62pt>
File: errorFig2-eps-converted-to.pdf Graphic file (type pdf)

<use errorFig2-eps-converted-to.pdf>
Package pdftex.def Info: errorFig2-eps-converted-to.pdf used on input line 485.

(pdftex.def)             Requested size: 258.36668pt x 193.77081pt.

Overfull \hbox (23.48918pt too wide) in paragraph at lines 485--486
 [][] 
 []

Package epstopdf Info: Source file: <errorFigg2.eps>
(epstopdf)                    date: 2017-10-23 19:37:37
(epstopdf)                    size: 45888 bytes
(epstopdf)             Output file: <errorFigg2-eps-converted-to.pdf>
(epstopdf)                    date: 2017-10-23 19:38:53
(epstopdf)                    size: 30766 bytes
(epstopdf)             Command: <repstopdf --outfile=errorFigg2-eps-converted-t
o.pdf errorFigg2.eps>
(epstopdf)             \includegraphics on input line 491.
Package epstopdf Info: Output file is already uptodate.
<errorFigg2-eps-converted-to.pdf, id=425, 578.16pt x 433.62pt>
File: errorFigg2-eps-converted-to.pdf Graphic file (type pdf)

<use errorFigg2-eps-converted-to.pdf>
Package pdftex.def Info: errorFigg2-eps-converted-to.pdf used on input line 491
.
(pdftex.def)             Requested size: 258.36668pt x 193.77081pt.

Overfull \hbox (23.48918pt too wide) in paragraph at lines 491--492
 [][] 
 []

Package epstopdf Info: Source file: <errorFig3.eps>
(epstopdf)                    date: 2017-10-23 19:39:26
(epstopdf)                    size: 47032 bytes
(epstopdf)             Output file: <errorFig3-eps-converted-to.pdf>
(epstopdf)                    date: 2017-10-23 19:40:15
(epstopdf)                    size: 32148 bytes
(epstopdf)             Command: <repstopdf --outfile=errorFig3-eps-converted-to
.pdf errorFig3.eps>
(epstopdf)             \includegraphics on input line 503.
Package epstopdf Info: Output file is already uptodate.
<errorFig3-eps-converted-to.pdf, id=426, 578.16pt x 433.62pt>
File: errorFig3-eps-converted-to.pdf Graphic file (type pdf)

<use errorFig3-eps-converted-to.pdf>
Package pdftex.def Info: errorFig3-eps-converted-to.pdf used on input line 503.

(pdftex.def)             Requested size: 258.36668pt x 193.77081pt.

Overfull \hbox (23.48918pt too wide) in paragraph at lines 503--504
 [][] 
 []

Package epstopdf Info: Source file: <errorFigg3.eps>
(epstopdf)                    date: 2017-10-23 19:39:26
(epstopdf)                    size: 50011 bytes
(epstopdf)             Output file: <errorFigg3-eps-converted-to.pdf>
(epstopdf)                    date: 2017-10-23 19:40:15
(epstopdf)                    size: 32155 bytes
(epstopdf)             Command: <repstopdf --outfile=errorFigg3-eps-converted-t
o.pdf errorFigg3.eps>
(epstopdf)             \includegraphics on input line 509.
Package epstopdf Info: Output file is already uptodate.
<errorFigg3-eps-converted-to.pdf, id=427, 578.16pt x 433.62pt>
File: errorFigg3-eps-converted-to.pdf Graphic file (type pdf)

<use errorFigg3-eps-converted-to.pdf>
Package pdftex.def Info: errorFigg3-eps-converted-to.pdf used on input line 509
.
(pdftex.def)             Requested size: 258.36668pt x 193.77081pt.

Overfull \hbox (23.48918pt too wide) in paragraph at lines 509--510
 [][] 
 []

[11 <./errorFig1-eps-converted-to.pdf> <./errorFigg1-eps-converted-to.pdf> <./e
rrorFig2-eps-converted-to.pdf> <./errorFigg2-eps-converted-to.pdf>]
Package epstopdf Info: Source file: <errorFig4.eps>
(epstopdf)                    date: 2017-10-23 19:41:47
(epstopdf)                    size: 49962 bytes
(epstopdf)             Output file: <errorFig4-eps-converted-to.pdf>
(epstopdf)                    date: 2017-10-23 19:42:40
(epstopdf)                    size: 32682 bytes
(epstopdf)             Command: <repstopdf --outfile=errorFig4-eps-converted-to
.pdf errorFig4.eps>
(epstopdf)             \includegraphics on input line 521.
Package epstopdf Info: Output file is already uptodate.

<errorFig4-eps-converted-to.pdf, id=669, 578.16pt x 433.62pt>
File: errorFig4-eps-converted-to.pdf Graphic file (type pdf)

<use errorFig4-eps-converted-to.pdf>
Package pdftex.def Info: errorFig4-eps-converted-to.pdf used on input line 521.

(pdftex.def)             Requested size: 258.36668pt x 193.77081pt.

Overfull \hbox (23.48918pt too wide) in paragraph at lines 521--522
 [][] 
 []

Package epstopdf Info: Source file: <errorFigg4.eps>
(epstopdf)                    date: 2017-10-23 19:41:47
(epstopdf)                    size: 61879 bytes
(epstopdf)             Output file: <errorFigg4-eps-converted-to.pdf>
(epstopdf)                    date: 2017-10-23 19:42:40
(epstopdf)                    size: 34106 bytes
(epstopdf)             Command: <repstopdf --outfile=errorFigg4-eps-converted-t
o.pdf errorFigg4.eps>
(epstopdf)             \includegraphics on input line 527.
Package epstopdf Info: Output file is already uptodate.
<errorFigg4-eps-converted-to.pdf, id=670, 578.16pt x 433.62pt>
File: errorFigg4-eps-converted-to.pdf Graphic file (type pdf)

<use errorFigg4-eps-converted-to.pdf>
Package pdftex.def Info: errorFigg4-eps-converted-to.pdf used on input line 527
.
(pdftex.def)             Requested size: 258.36668pt x 193.77081pt.

Overfull \hbox (23.48918pt too wide) in paragraph at lines 527--528
 [][] 
 []

Package epstopdf Info: Source file: <Nfig1.eps>
(epstopdf)                    date: 2017-10-23 20:57:36
(epstopdf)                    size: 43158 bytes
(epstopdf)             Output file: <Nfig1-eps-converted-to.pdf>
(epstopdf)                    date: 2017-10-23 20:58:58
(epstopdf)                    size: 26126 bytes
(epstopdf)             Command: <repstopdf --outfile=Nfig1-eps-converted-to.pdf
 Nfig1.eps>
(epstopdf)             \includegraphics on input line 541.
Package epstopdf Info: Output file is already uptodate.
<Nfig1-eps-converted-to.pdf, id=671, 578.16pt x 433.62pt>
File: Nfig1-eps-converted-to.pdf Graphic file (type pdf)

<use Nfig1-eps-converted-to.pdf>
Package pdftex.def Info: Nfig1-eps-converted-to.pdf used on input line 541.
(pdftex.def)             Requested size: 258.36668pt x 193.77081pt.

Overfull \hbox (23.48918pt too wide) in paragraph at lines 541--542
 [][] 
 []

Package epstopdf Info: Source file: <NsubFig1.eps>
(epstopdf)                    date: 2017-10-23 20:57:36
(epstopdf)                    size: 48244 bytes
(epstopdf)             Output file: <NsubFig1-eps-converted-to.pdf>
(epstopdf)                    date: 2017-10-23 20:58:58
(epstopdf)                    size: 20958 bytes
(epstopdf)             Command: <repstopdf --outfile=NsubFig1-eps-converted-to.
pdf NsubFig1.eps>
(epstopdf)             \includegraphics on input line 547.
Package epstopdf Info: Output file is already uptodate.
<NsubFig1-eps-converted-to.pdf, id=672, 578.16pt x 433.62pt>
File: NsubFig1-eps-converted-to.pdf Graphic file (type pdf)

<use NsubFig1-eps-converted-to.pdf>
Package pdftex.def Info: NsubFig1-eps-converted-to.pdf used on input line 547.
(pdftex.def)             Requested size: 258.36668pt x 193.77081pt.

Overfull \hbox (23.48918pt too wide) in paragraph at lines 547--548
 [][] 
 []

[12 <./errorFig3-eps-converted-to.pdf> <./errorFigg3-eps-converted-to.pdf> <./e
rrorFig4-eps-converted-to.pdf> <./errorFigg4-eps-converted-to.pdf>]
Package epstopdf Info: Source file: <Nfig3.eps>
(epstopdf)                    date: 2017-10-23 20:53:04
(epstopdf)                    size: 47325 bytes
(epstopdf)             Output file: <Nfig3-eps-converted-to.pdf>
(epstopdf)                    date: 2017-10-23 20:53:31
(epstopdf)                    size: 28636 bytes
(epstopdf)             Command: <repstopdf --outfile=Nfig3-eps-converted-to.pdf
 Nfig3.eps>
(epstopdf)             \includegraphics on input line 559.
Package epstopdf Info: Output file is already uptodate.

<Nfig3-eps-converted-to.pdf, id=918, 578.16pt x 433.62pt>
File: Nfig3-eps-converted-to.pdf Graphic file (type pdf)

<use Nfig3-eps-converted-to.pdf>
Package pdftex.def Info: Nfig3-eps-converted-to.pdf used on input line 559.
(pdftex.def)             Requested size: 258.36668pt x 193.77081pt.

Overfull \hbox (23.48918pt too wide) in paragraph at lines 559--560
 [][] 
 []

Package epstopdf Info: Source file: <NsubFig3.eps>
(epstopdf)                    date: 2017-10-23 20:53:05
(epstopdf)                    size: 70393 bytes
(epstopdf)             Output file: <NsubFig3-eps-converted-to.pdf>
(epstopdf)                    date: 2017-10-23 20:53:31
(epstopdf)                    size: 26886 bytes
(epstopdf)             Command: <repstopdf --outfile=NsubFig3-eps-converted-to.
pdf NsubFig3.eps>
(epstopdf)             \includegraphics on input line 565.
Package epstopdf Info: Output file is already uptodate.
<NsubFig3-eps-converted-to.pdf, id=919, 578.16pt x 433.62pt>
File: NsubFig3-eps-converted-to.pdf Graphic file (type pdf)

<use NsubFig3-eps-converted-to.pdf>
Package pdftex.def Info: NsubFig3-eps-converted-to.pdf used on input line 565.
(pdftex.def)             Requested size: 258.36668pt x 193.77081pt.

Overfull \hbox (23.48918pt too wide) in paragraph at lines 565--566
 [][] 
 []

Package epstopdf Info: Source file: <Nfig4.eps>
(epstopdf)                    date: 2017-10-23 21:38:45
(epstopdf)                    size: 54526 bytes
(epstopdf)             Output file: <Nfig4-eps-converted-to.pdf>
(epstopdf)                    date: 2017-10-23 21:39:25
(epstopdf)                    size: 28421 bytes
(epstopdf)             Command: <repstopdf --outfile=Nfig4-eps-converted-to.pdf
 Nfig4.eps>
(epstopdf)             \includegraphics on input line 577.
Package epstopdf Info: Output file is already uptodate.
<Nfig4-eps-converted-to.pdf, id=920, 578.16pt x 433.62pt>
File: Nfig4-eps-converted-to.pdf Graphic file (type pdf)

<use Nfig4-eps-converted-to.pdf>
Package pdftex.def Info: Nfig4-eps-converted-to.pdf used on input line 577.
(pdftex.def)             Requested size: 258.36668pt x 193.77081pt.

Overfull \hbox (23.48918pt too wide) in paragraph at lines 577--578
 [][] 
 []

Package epstopdf Info: Source file: <NsubFig4.eps>
(epstopdf)                    date: 2017-10-23 21:38:46
(epstopdf)                    size: 46119 bytes
(epstopdf)             Output file: <NsubFig4-eps-converted-to.pdf>
(epstopdf)                    date: 2017-10-23 21:39:25
(epstopdf)                    size: 20567 bytes
(epstopdf)             Command: <repstopdf --outfile=NsubFig4-eps-converted-to.
pdf NsubFig4.eps>
(epstopdf)             \includegraphics on input line 583.
Package epstopdf Info: Output file is already uptodate.
<NsubFig4-eps-converted-to.pdf, id=921, 578.16pt x 433.62pt>
File: NsubFig4-eps-converted-to.pdf Graphic file (type pdf)

<use NsubFig4-eps-converted-to.pdf>
Package pdftex.def Info: NsubFig4-eps-converted-to.pdf used on input line 583.
(pdftex.def)             Requested size: 258.36668pt x 193.77081pt.

Overfull \hbox (23.48918pt too wide) in paragraph at lines 583--584
 [][] 
 []

[13 <./Nfig1-eps-converted-to.pdf> <./NsubFig1-eps-converted-to.pdf> <./Nfig3-e
ps-converted-to.pdf> <./NsubFig3-eps-converted-to.pdf>]
Package epstopdf Info: Source file: <NerrorFig1.eps>
(epstopdf)                    date: 2017-10-23 20:59:50
(epstopdf)                    size: 46909 bytes
(epstopdf)             Output file: <NerrorFig1-eps-converted-to.pdf>
(epstopdf)                    date: 2017-10-23 21:00:49
(epstopdf)                    size: 30433 bytes
(epstopdf)             Command: <repstopdf --outfile=NerrorFig1-eps-converted-t
o.pdf NerrorFig1.eps>
(epstopdf)             \includegraphics on input line 595.
Package epstopdf Info: Output file is already uptodate.

<NerrorFig1-eps-converted-to.pdf, id=1108, 578.16pt x 433.62pt>
File: NerrorFig1-eps-converted-to.pdf Graphic file (type pdf)

<use NerrorFig1-eps-converted-to.pdf>
Package pdftex.def Info: NerrorFig1-eps-converted-to.pdf used on input line 595
.
(pdftex.def)             Requested size: 258.36668pt x 193.77081pt.

Overfull \hbox (23.48918pt too wide) in paragraph at lines 595--596
 [][] 
 []

Package epstopdf Info: Source file: <NerrorFigg1.eps>
(epstopdf)                    date: 2017-10-23 21:02:09
(epstopdf)                    size: 51777 bytes
(epstopdf)             Output file: <NerrorFigg1-eps-converted-to.pdf>
(epstopdf)                    date: 2017-10-23 21:03:25
(epstopdf)                    size: 32838 bytes
(epstopdf)             Command: <repstopdf --outfile=NerrorFigg1-eps-converted-
to.pdf NerrorFigg1.eps>
(epstopdf)             \includegraphics on input line 601.
Package epstopdf Info: Output file is already uptodate.
<NerrorFigg1-eps-converted-to.pdf, id=1109, 578.16pt x 433.62pt>
File: NerrorFigg1-eps-converted-to.pdf Graphic file (type pdf)

<use NerrorFigg1-eps-converted-to.pdf>
Package pdftex.def Info: NerrorFigg1-eps-converted-to.pdf used on input line 60
1.
(pdftex.def)             Requested size: 258.36668pt x 193.77081pt.

Overfull \hbox (23.48918pt too wide) in paragraph at lines 601--602
 [][] 
 []

Package epstopdf Info: Source file: <NerrorFig3.eps>
(epstopdf)                    date: 2017-10-23 21:03:53
(epstopdf)                    size: 47080 bytes
(epstopdf)             Output file: <NerrorFig3-eps-converted-to.pdf>
(epstopdf)                    date: 2017-10-23 21:04:13
(epstopdf)                    size: 32163 bytes
(epstopdf)             Command: <repstopdf --outfile=NerrorFig3-eps-converted-t
o.pdf NerrorFig3.eps>
(epstopdf)             \includegraphics on input line 613.
Package epstopdf Info: Output file is already uptodate.
<NerrorFig3-eps-converted-to.pdf, id=1110, 578.16pt x 433.62pt>
File: NerrorFig3-eps-converted-to.pdf Graphic file (type pdf)

<use NerrorFig3-eps-converted-to.pdf>
Package pdftex.def Info: NerrorFig3-eps-converted-to.pdf used on input line 613
.
(pdftex.def)             Requested size: 258.36668pt x 193.77081pt.

Overfull \hbox (23.48918pt too wide) in paragraph at lines 613--614
 [][] 
 []

Package epstopdf Info: Source file: <NerrorFigg3.eps>
(epstopdf)                    date: 2017-10-23 21:02:18
(epstopdf)                    size: 51777 bytes
(epstopdf)             Output file: <NerrorFigg3-eps-converted-to.pdf>
(epstopdf)                    date: 2017-10-23 21:03:25
(epstopdf)                    size: 32838 bytes
(epstopdf)             Command: <repstopdf --outfile=NerrorFigg3-eps-converted-
to.pdf NerrorFigg3.eps>
(epstopdf)             \includegraphics on input line 619.
Package epstopdf Info: Output file is already uptodate.
<NerrorFigg3-eps-converted-to.pdf, id=1111, 578.16pt x 433.62pt>
File: NerrorFigg3-eps-converted-to.pdf Graphic file (type pdf)

<use NerrorFigg3-eps-converted-to.pdf>
Package pdftex.def Info: NerrorFigg3-eps-converted-to.pdf used on input line 61
9.
(pdftex.def)             Requested size: 258.36668pt x 193.77081pt.

Overfull \hbox (23.48918pt too wide) in paragraph at lines 619--620
 [][] 
 []

[14 <./Nfig4-eps-converted-to.pdf> <./NsubFig4-eps-converted-to.pdf> <./NerrorF
ig1-eps-converted-to.pdf> <./NerrorFigg1-eps-converted-to.pdf>]
Package epstopdf Info: Source file: <NerrorFig4.eps>
(epstopdf)                    date: 2017-10-23 21:40:35
(epstopdf)                    size: 55034 bytes
(epstopdf)             Output file: <NerrorFig4-eps-converted-to.pdf>
(epstopdf)                    date: 2017-10-23 21:41:39
(epstopdf)                    size: 33430 bytes
(epstopdf)             Command: <repstopdf --outfile=NerrorFig4-eps-converted-t
o.pdf NerrorFig4.eps>
(epstopdf)             \includegraphics on input line 631.
Package epstopdf Info: Output file is already uptodate.

<NerrorFig4-eps-converted-to.pdf, id=1320, 578.16pt x 433.62pt>
File: NerrorFig4-eps-converted-to.pdf Graphic file (type pdf)

<use NerrorFig4-eps-converted-to.pdf>
Package pdftex.def Info: NerrorFig4-eps-converted-to.pdf used on input line 631
.
(pdftex.def)             Requested size: 258.36668pt x 193.77081pt.

Overfull \hbox (23.48918pt too wide) in paragraph at lines 631--632
 [][] 
 []

Package epstopdf Info: Source file: <NerrorFigg4.eps>
(epstopdf)                    date: 2017-10-23 21:40:35
(epstopdf)                    size: 60129 bytes
(epstopdf)             Output file: <NerrorFigg4-eps-converted-to.pdf>
(epstopdf)                    date: 2017-10-23 21:41:39
(epstopdf)                    size: 35571 bytes
(epstopdf)             Command: <repstopdf --outfile=NerrorFigg4-eps-converted-
to.pdf NerrorFigg4.eps>
(epstopdf)             \includegraphics on input line 637.
Package epstopdf Info: Output file is already uptodate.
<NerrorFigg4-eps-converted-to.pdf, id=1321, 578.16pt x 433.62pt>
File: NerrorFigg4-eps-converted-to.pdf Graphic file (type pdf)

<use NerrorFigg4-eps-converted-to.pdf>
Package pdftex.def Info: NerrorFigg4-eps-converted-to.pdf used on input line 63
7.
(pdftex.def)             Requested size: 258.36668pt x 193.77081pt.

Overfull \hbox (23.48918pt too wide) in paragraph at lines 637--638
 [][] 
 []

Package epstopdf Info: Source file: <bernSingle.eps>
(epstopdf)                    date: 2017-10-23 21:34:15
(epstopdf)                    size: 48845 bytes
(epstopdf)             Output file: <bernSingle-eps-converted-to.pdf>
(epstopdf)                    date: 2017-10-23 21:35:12
(epstopdf)                    size: 30056 bytes
(epstopdf)             Command: <repstopdf --outfile=bernSingle-eps-converted-t
o.pdf bernSingle.eps>
(epstopdf)             \includegraphics on input line 651.
Package epstopdf Info: Output file is already uptodate.
<bernSingle-eps-converted-to.pdf, id=1322, 578.16pt x 433.62pt>
File: bernSingle-eps-converted-to.pdf Graphic file (type pdf)

<use bernSingle-eps-converted-to.pdf>
Package pdftex.def Info: bernSingle-eps-converted-to.pdf used on input line 651
.
(pdftex.def)             Requested size: 258.36668pt x 193.77081pt.

Overfull \hbox (23.48918pt too wide) in paragraph at lines 651--652
 [][] 
 []

Package epstopdf Info: Source file: <bernDouble.eps>
(epstopdf)                    date: 2017-10-23 21:34:05
(epstopdf)                    size: 53084 bytes
(epstopdf)             Output file: <bernDouble-eps-converted-to.pdf>
(epstopdf)                    date: 2017-10-23 21:35:12
(epstopdf)                    size: 31337 bytes
(epstopdf)             Command: <repstopdf --outfile=bernDouble-eps-converted-t
o.pdf bernDouble.eps>
(epstopdf)             \includegraphics on input line 657.
Package epstopdf Info: Output file is already uptodate.
<bernDouble-eps-converted-to.pdf, id=1323, 578.16pt x 433.62pt>
File: bernDouble-eps-converted-to.pdf Graphic file (type pdf)

<use bernDouble-eps-converted-to.pdf>
Package pdftex.def Info: bernDouble-eps-converted-to.pdf used on input line 657
.
(pdftex.def)             Requested size: 258.36668pt x 193.77081pt.

Overfull \hbox (23.48918pt too wide) in paragraph at lines 657--658
 [][] 
 []

[15 <./NerrorFig3-eps-converted-to.pdf> <./NerrorFigg3-eps-converted-to.pdf> <.
/NerrorFig4-eps-converted-to.pdf> <./NerrorFigg4-eps-converted-to.pdf>]
[16 <./bernSingle-eps-converted-to.pdf> <./bernDouble-eps-converted-to.pdf>]
(./Program2.aux)

LaTeX Warning: There were multiply-defined labels.

 ) 
Here is how much of TeX's memory you used:
 25877 strings out of 493029
 625299 string characters out of 6136233
 775559 words of memory out of 5000000
 28929 multiletter control sequences out of 15000+600000
 13829 words of font info for 54 fonts, out of 8000000 for 9000
 1141 hyphenation exceptions out of 8191
 62i,10n,77p,990b,609s stack positions out of 5000i,500n,10000p,200000b,80000s
</usr/share/texlive/texmf-dist/fonts/type1/public/amsfonts/cm/cmbx12.pfb></us
r/share/texlive/texmf-dist/fonts/type1/public/amsfonts/cm/cmex10.pfb></usr/shar
e/texlive/texmf-dist/fonts/type1/public/amsfonts/cm/cmmi12.pfb></usr/share/texl
ive/texmf-dist/fonts/type1/public/amsfonts/cm/cmmi6.pfb></usr/share/texlive/tex
mf-dist/fonts/type1/public/amsfonts/cm/cmmi8.pfb></usr/share/texlive/texmf-dist
/fonts/type1/public/amsfonts/cm/cmr10.pfb></usr/share/texlive/texmf-dist/fonts/
type1/public/amsfonts/cm/cmr12.pfb></usr/share/texlive/texmf-dist/fonts/type1/p
ublic/amsfonts/cm/cmr17.pfb></usr/share/texlive/texmf-dist/fonts/type1/public/a
msfonts/cm/cmr6.pfb></usr/share/texlive/texmf-dist/fonts/type1/public/amsfonts/
cm/cmr8.pfb></usr/share/texlive/texmf-dist/fonts/type1/public/amsfonts/cm/cmsy1
0.pfb></usr/share/texlive/texmf-dist/fonts/type1/public/amsfonts/cm/cmsy8.pfb><
/usr/share/texlive/texmf-dist/fonts/type1/public/amsfonts/cm/cmtt12.pfb></usr/s
hare/texlive/texmf-dist/fonts/type1/public/amsfonts/symbols/msbm10.pfb>
Output written on Program2.pdf (16 pages, 920777 bytes).
PDF statistics:
 1715 PDF objects out of 1728 (max. 8388607)
 334 compressed objects within 4 object streams
 0 named destinations out of 1000 (max. 500000)
 163 words of extra memory for PDF output out of 10000 (max. 10000000)

